
**** Build of configuration Debug for project lpmsp430f5529_25_core ****

"C:\\ti\\ccsv6\\utils\\bin\\gmake" -k all 
'Building file: C:/school 2016/energia-0101E0017/hardware/msp430/cores/msp430/HardwareSerial.cpp'
'Invoking: GNU Compiler'
"C:/school 2016/energia-0101E0017/hardware/tools/msp430/bin/msp430-gcc.exe" -c -mmcu=msp430f5529 -DF_CPU=25000000L -DARDUINO=101 -DENERGIA=13 -I"C:/school 2016/energia-0101E0017/hardware/msp430/cores/msp430" -I"C:/school 2016/energia-0101E0017/hardware/msp430/variants/launchpad_f5529" -I"C:/school 2016/energia-0101E0017/hardware/tools/msp430/msp430/include" -Os -ffunction-sections -fdata-sections -g -gdwarf-3 -gstrict-dwarf -Wall -MMD -MP -MF"HardwareSerial.d" -MT"HardwareSerial.d" -o"HardwareSerial.o"  "C:/school 2016/energia-0101E0017/hardware/msp430/cores/msp430/HardwareSerial.cpp"
'Finished building: C:/school 2016/energia-0101E0017/hardware/msp430/cores/msp430/HardwareSerial.cpp'
' '
'Building file: C:/school 2016/energia-0101E0017/hardware/msp430/cores/msp430/IPAddress.cpp'
'Invoking: GNU Compiler'
"C:/school 2016/energia-0101E0017/hardware/tools/msp430/bin/msp430-gcc.exe" -c -mmcu=msp430f5529 -DF_CPU=25000000L -DARDUINO=101 -DENERGIA=13 -I"C:/school 2016/energia-0101E0017/hardware/msp430/cores/msp430" -I"C:/school 2016/energia-0101E0017/hardware/msp430/variants/launchpad_f5529" -I"C:/school 2016/energia-0101E0017/hardware/tools/msp430/msp430/include" -Os -ffunction-sections -fdata-sections -g -gdwarf-3 -gstrict-dwarf -Wall -MMD -MP -MF"IPAddress.d" -MT"IPAddress.d" -o"IPAddress.o"  "C:/school 2016/energia-0101E0017/hardware/msp430/cores/msp430/IPAddress.cpp"
In file included from C:/school 2016/energia-0101E0017/hardware/msp430/cores/msp430/IPAddress.cpp:3:0:
C:/school 2016/energia-0101E0017/hardware/msp430/cores/msp430/IPAddress.h: In member function 'IPAddress::operator uint32_t()':
C:/school 2016/energia-0101E0017/hardware/msp430/cores/msp430/IPAddress.h:51:55: warning: dereferencing type-punned pointer will break strict-aliasing rules [-Wstrict-aliasing]
C:/school 2016/energia-0101E0017/hardware/msp430/cores/msp430/IPAddress.h: In member function 'bool IPAddress::operator==(const IPAddress&)':
C:/school 2016/energia-0101E0017/hardware/msp430/cores/msp430/IPAddress.h:52:75: warning: dereferencing type-punned pointer will break strict-aliasing rules [-Wstrict-aliasing]
C:/school 2016/energia-0101E0017/hardware/msp430/cores/msp430/IPAddress.h:52:108: warning: dereferencing type-punned pointer will break strict-aliasing rules [-Wstrict-aliasing]
'Finished building: C:/school 2016/energia-0101E0017/hardware/msp430/cores/msp430/IPAddress.cpp'
' '
'Building file: C:/school 2016/energia-0101E0017/hardware/msp430/cores/msp430/MACAddress.cpp'
'Invoking: GNU Compiler'
"C:/school 2016/energia-0101E0017/hardware/tools/msp430/bin/msp430-gcc.exe" -c -mmcu=msp430f5529 -DF_CPU=25000000L -DARDUINO=101 -DENERGIA=13 -I"C:/school 2016/energia-0101E0017/hardware/msp430/cores/msp430" -I"C:/school 2016/energia-0101E0017/hardware/msp430/variants/launchpad_f5529" -I"C:/school 2016/energia-0101E0017/hardware/tools/msp430/msp430/include" -Os -ffunction-sections -fdata-sections -g -gdwarf-3 -gstrict-dwarf -Wall -MMD -MP -MF"MACAddress.d" -MT"MACAddress.d" -o"MACAddress.o"  "C:/school 2016/energia-0101E0017/hardware/msp430/cores/msp430/MACAddress.cpp"
'Finished building: C:/school 2016/energia-0101E0017/hardware/msp430/cores/msp430/MACAddress.cpp'
' '
'Building file: C:/school 2016/energia-0101E0017/hardware/msp430/cores/msp430/Print.cpp'
'Invoking: GNU Compiler'
"C:/school 2016/energia-0101E0017/hardware/tools/msp430/bin/msp430-gcc.exe" -c -mmcu=msp430f5529 -DF_CPU=25000000L -DARDUINO=101 -DENERGIA=13 -I"C:/school 2016/energia-0101E0017/hardware/msp430/cores/msp430" -I"C:/school 2016/energia-0101E0017/hardware/msp430/variants/launchpad_f5529" -I"C:/school 2016/energia-0101E0017/hardware/tools/msp430/msp430/include" -Os -ffunction-sections -fdata-sections -g -gdwarf-3 -gstrict-dwarf -Wall -MMD -MP -MF"Print.d" -MT"Print.d" -o"Print.o"  "C:/school 2016/energia-0101E0017/hardware/msp430/cores/msp430/Print.cpp"
'Finished building: C:/school 2016/energia-0101E0017/hardware/msp430/cores/msp430/Print.cpp'
' '
'Building file: C:/school 2016/energia-0101E0017/hardware/msp430/cores/msp430/Stream.cpp'
'Invoking: GNU Compiler'
"C:/school 2016/energia-0101E0017/hardware/tools/msp430/bin/msp430-gcc.exe" -c -mmcu=msp430f5529 -DF_CPU=25000000L -DARDUINO=101 -DENERGIA=13 -I"C:/school 2016/energia-0101E0017/hardware/msp430/cores/msp430" -I"C:/school 2016/energia-0101E0017/hardware/msp430/variants/launchpad_f5529" -I"C:/school 2016/energia-0101E0017/hardware/tools/msp430/msp430/include" -Os -ffunction-sections -fdata-sections -g -gdwarf-3 -gstrict-dwarf -Wall -MMD -MP -MF"Stream.d" -MT"Stream.d" -o"Stream.o"  "C:/school 2016/energia-0101E0017/hardware/msp430/cores/msp430/Stream.cpp"
C:/school 2016/energia-0101E0017/hardware/msp430/cores/msp430/Stream.cpp: In member function 'bool Stream::find(char*)':
C:/school 2016/energia-0101E0017/hardware/msp430/cores/msp430/Stream.cpp:78:30: warning: deprecated conversion from string constant to 'char*' [-Wwrite-strings]
'Finished building: C:/school 2016/energia-0101E0017/hardware/msp430/cores/msp430/Stream.cpp'
' '
'Building file: C:/school 2016/energia-0101E0017/hardware/msp430/cores/msp430/TimerSerial.cpp'
'Invoking: GNU Compiler'
"C:/school 2016/energia-0101E0017/hardware/tools/msp430/bin/msp430-gcc.exe" -c -mmcu=msp430f5529 -DF_CPU=25000000L -DARDUINO=101 -DENERGIA=13 -I"C:/school 2016/energia-0101E0017/hardware/msp430/cores/msp430" -I"C:/school 2016/energia-0101E0017/hardware/msp430/variants/launchpad_f5529" -I"C:/school 2016/energia-0101E0017/hardware/tools/msp430/msp430/include" -Os -ffunction-sections -fdata-sections -g -gdwarf-3 -gstrict-dwarf -Wall -MMD -MP -MF"TimerSerial.d" -MT"TimerSerial.d" -o"TimerSerial.o"  "C:/school 2016/energia-0101E0017/hardware/msp430/cores/msp430/TimerSerial.cpp"
'Finished building: C:/school 2016/energia-0101E0017/hardware/msp430/cores/msp430/TimerSerial.cpp'
' '
'Building file: C:/school 2016/energia-0101E0017/hardware/msp430/cores/msp430/Tone.cpp'
'Invoking: GNU Compiler'
"C:/school 2016/energia-0101E0017/hardware/tools/msp430/bin/msp430-gcc.exe" -c -mmcu=msp430f5529 -DF_CPU=25000000L -DARDUINO=101 -DENERGIA=13 -I"C:/school 2016/energia-0101E0017/hardware/msp430/cores/msp430" -I"C:/school 2016/energia-0101E0017/hardware/msp430/variants/launchpad_f5529" -I"C:/school 2016/energia-0101E0017/hardware/tools/msp430/msp430/include" -Os -ffunction-sections -fdata-sections -g -gdwarf-3 -gstrict-dwarf -Wall -MMD -MP -MF"Tone.d" -MT"Tone.d" -o"Tone.o"  "C:/school 2016/energia-0101E0017/hardware/msp430/cores/msp430/Tone.cpp"
'Finished building: C:/school 2016/energia-0101E0017/hardware/msp430/cores/msp430/Tone.cpp'
' '
'Building file: C:/school 2016/energia-0101E0017/hardware/msp430/cores/msp430/WInterrupts.c'
'Invoking: GNU Compiler'
"C:/school 2016/energia-0101E0017/hardware/tools/msp430/bin/msp430-gcc.exe" -c -mmcu=msp430f5529 -DF_CPU=25000000L -DARDUINO=101 -DENERGIA=13 -I"C:/school 2016/energia-0101E0017/hardware/msp430/cores/msp430" -I"C:/school 2016/energia-0101E0017/hardware/msp430/variants/launchpad_f5529" -I"C:/school 2016/energia-0101E0017/hardware/tools/msp430/msp430/include" -Os -ffunction-sections -fdata-sections -g -gdwarf-3 -gstrict-dwarf -Wall -MMD -MP -MF"WInterrupts.d" -MT"WInterrupts.d" -o"WInterrupts.o"  "C:/school 2016/energia-0101E0017/hardware/msp430/cores/msp430/WInterrupts.c"
'Finished building: C:/school 2016/energia-0101E0017/hardware/msp430/cores/msp430/WInterrupts.c'
' '
'Building file: C:/school 2016/energia-0101E0017/hardware/msp430/cores/msp430/WMath.cpp'
'Invoking: GNU Compiler'
"C:/school 2016/energia-0101E0017/hardware/tools/msp430/bin/msp430-gcc.exe" -c -mmcu=msp430f5529 -DF_CPU=25000000L -DARDUINO=101 -DENERGIA=13 -I"C:/school 2016/energia-0101E0017/hardware/msp430/cores/msp430" -I"C:/school 2016/energia-0101E0017/hardware/msp430/variants/launchpad_f5529" -I"C:/school 2016/energia-0101E0017/hardware/tools/msp430/msp430/include" -Os -ffunction-sections -fdata-sections -g -gdwarf-3 -gstrict-dwarf -Wall -MMD -MP -MF"WMath.d" -MT"WMath.d" -o"WMath.o"  "C:/school 2016/energia-0101E0017/hardware/msp430/cores/msp430/WMath.cpp"
'Finished building: C:/school 2016/energia-0101E0017/hardware/msp430/cores/msp430/WMath.cpp'
' '
'Building file: C:/school 2016/energia-0101E0017/hardware/msp430/cores/msp430/WString.cpp'
'Invoking: GNU Compiler'
"C:/school 2016/energia-0101E0017/hardware/tools/msp430/bin/msp430-gcc.exe" -c -mmcu=msp430f5529 -DF_CPU=25000000L -DARDUINO=101 -DENERGIA=13 -I"C:/school 2016/energia-0101E0017/hardware/msp430/cores/msp430" -I"C:/school 2016/energia-0101E0017/hardware/msp430/variants/launchpad_f5529" -I"C:/school 2016/energia-0101E0017/hardware/tools/msp430/msp430/include" -Os -ffunction-sections -fdata-sections -g -gdwarf-3 -gstrict-dwarf -Wall -MMD -MP -MF"WString.d" -MT"WString.d" -o"WString.o"  "C:/school 2016/energia-0101E0017/hardware/msp430/cores/msp430/WString.cpp"
'Finished building: C:/school 2016/energia-0101E0017/hardware/msp430/cores/msp430/WString.cpp'
' '
'Building file: C:/school 2016/energia-0101E0017/hardware/msp430/cores/msp430/Wire.cpp'
'Invoking: GNU Compiler'
"C:/school 2016/energia-0101E0017/hardware/tools/msp430/bin/msp430-gcc.exe" -c -mmcu=msp430f5529 -DF_CPU=25000000L -DARDUINO=101 -DENERGIA=13 -I"C:/school 2016/energia-0101E0017/hardware/msp430/cores/msp430" -I"C:/school 2016/energia-0101E0017/hardware/msp430/variants/launchpad_f5529" -I"C:/school 2016/energia-0101E0017/hardware/tools/msp430/msp430/include" -Os -ffunction-sections -fdata-sections -g -gdwarf-3 -gstrict-dwarf -Wall -MMD -MP -MF"Wire.d" -MT"Wire.d" -o"Wire.o"  "C:/school 2016/energia-0101E0017/hardware/msp430/cores/msp430/Wire.cpp"
'Finished building: C:/school 2016/energia-0101E0017/hardware/msp430/cores/msp430/Wire.cpp'
' '
'Building file: C:/school 2016/energia-0101E0017/hardware/msp430/cores/msp430/atof.c'
'Invoking: GNU Compiler'
"C:/school 2016/energia-0101E0017/hardware/tools/msp430/bin/msp430-gcc.exe" -c -mmcu=msp430f5529 -DF_CPU=25000000L -DARDUINO=101 -DENERGIA=13 -I"C:/school 2016/energia-0101E0017/hardware/msp430/cores/msp430" -I"C:/school 2016/energia-0101E0017/hardware/msp430/variants/launchpad_f5529" -I"C:/school 2016/energia-0101E0017/hardware/tools/msp430/msp430/include" -Os -ffunction-sections -fdata-sections -g -gdwarf-3 -gstrict-dwarf -Wall -MMD -MP -MF"atof.d" -MT"atof.d" -o"atof.o"  "C:/school 2016/energia-0101E0017/hardware/msp430/cores/msp430/atof.c"
C:/school 2016/energia-0101E0017/hardware/msp430/cores/msp430/atof.c: In function 'atof':
C:/school 2016/energia-0101E0017/hardware/msp430/cores/msp430/atof.c:71:9: warning: floating constant exceeds range of 'double' [-Woverflow]
'Finished building: C:/school 2016/energia-0101E0017/hardware/msp430/cores/msp430/atof.c'
' '
'Building file: C:/school 2016/energia-0101E0017/hardware/msp430/cores/msp430/avr/dtostrf.c'
'Invoking: GNU Compiler'
"C:/school 2016/energia-0101E0017/hardware/tools/msp430/bin/msp430-gcc.exe" -c -mmcu=msp430f5529 -DF_CPU=25000000L -DARDUINO=101 -DENERGIA=13 -I"C:/school 2016/energia-0101E0017/hardware/msp430/cores/msp430" -I"C:/school 2016/energia-0101E0017/hardware/msp430/variants/launchpad_f5529" -I"C:/school 2016/energia-0101E0017/hardware/tools/msp430/msp430/include" -Os -ffunction-sections -fdata-sections -g -gdwarf-3 -gstrict-dwarf -Wall -MMD -MP -MF"dtostrf.d" -MT"dtostrf.d" -o"dtostrf.o"  "C:/school 2016/energia-0101E0017/hardware/msp430/cores/msp430/avr/dtostrf.c"
C:/school 2016/energia-0101E0017/hardware/msp430/cores/msp430/avr/dtostrf.c: In function 'dtostrf':
C:/school 2016/energia-0101E0017/hardware/msp430/cores/msp430/avr/dtostrf.c:36:3: warning: implicit declaration of function 'sprintf' [-Wimplicit-function-declaration]
C:/school 2016/energia-0101E0017/hardware/msp430/cores/msp430/avr/dtostrf.c:36:3: warning: incompatible implicit declaration of built-in function 'sprintf' [enabled by default]
'Finished building: C:/school 2016/energia-0101E0017/hardware/msp430/cores/msp430/avr/dtostrf.c'
' '
'Building file: C:/school 2016/energia-0101E0017/hardware/msp430/cores/msp430/itoa.c'
'Invoking: GNU Compiler'
"C:/school 2016/energia-0101E0017/hardware/tools/msp430/bin/msp430-gcc.exe" -c -mmcu=msp430f5529 -DF_CPU=25000000L -DARDUINO=101 -DENERGIA=13 -I"C:/school 2016/energia-0101E0017/hardware/msp430/cores/msp430" -I"C:/school 2016/energia-0101E0017/hardware/msp430/variants/launchpad_f5529" -I"C:/school 2016/energia-0101E0017/hardware/tools/msp430/msp430/include" -Os -ffunction-sections -fdata-sections -g -gdwarf-3 -gstrict-dwarf -Wall -MMD -MP -MF"itoa.d" -MT"itoa.d" -o"itoa.o"  "C:/school 2016/energia-0101E0017/hardware/msp430/cores/msp430/itoa.c"
'Finished building: C:/school 2016/energia-0101E0017/hardware/msp430/cores/msp430/itoa.c'
' '
'Building file: C:/school 2016/energia-0101E0017/hardware/msp430/cores/msp430/main.cpp'
'Invoking: GNU Compiler'
"C:/school 2016/energia-0101E0017/hardware/tools/msp430/bin/msp430-gcc.exe" -c -mmcu=msp430f5529 -DF_CPU=25000000L -DARDUINO=101 -DENERGIA=13 -I"C:/school 2016/energia-0101E0017/hardware/msp430/cores/msp430" -I"C:/school 2016/energia-0101E0017/hardware/msp430/variants/launchpad_f5529" -I"C:/school 2016/energia-0101E0017/hardware/tools/msp430/msp430/include" -Os -ffunction-sections -fdata-sections -g -gdwarf-3 -gstrict-dwarf -Wall -MMD -MP -MF"main.d" -MT"main.d" -o"main.o"  "C:/school 2016/energia-0101E0017/hardware/msp430/cores/msp430/main.cpp"
'Finished building: C:/school 2016/energia-0101E0017/hardware/msp430/cores/msp430/main.cpp'
' '
'Building file: C:/school 2016/energia-0101E0017/hardware/msp430/cores/msp430/new.cpp'
'Invoking: GNU Compiler'
"C:/school 2016/energia-0101E0017/hardware/tools/msp430/bin/msp430-gcc.exe" -c -mmcu=msp430f5529 -DF_CPU=25000000L -DARDUINO=101 -DENERGIA=13 -I"C:/school 2016/energia-0101E0017/hardware/msp430/cores/msp430" -I"C:/school 2016/energia-0101E0017/hardware/msp430/variants/launchpad_f5529" -I"C:/school 2016/energia-0101E0017/hardware/tools/msp430/msp430/include" -Os -ffunction-sections -fdata-sections -g -gdwarf-3 -gstrict-dwarf -Wall -MMD -MP -MF"new.d" -MT"new.d" -o"new.o"  "C:/school 2016/energia-0101E0017/hardware/msp430/cores/msp430/new.cpp"
'Finished building: C:/school 2016/energia-0101E0017/hardware/msp430/cores/msp430/new.cpp'
' '
'Building file: C:/school 2016/energia-0101E0017/hardware/msp430/cores/msp430/random.c'
'Invoking: GNU Compiler'
"C:/school 2016/energia-0101E0017/hardware/tools/msp430/bin/msp430-gcc.exe" -c -mmcu=msp430f5529 -DF_CPU=25000000L -DARDUINO=101 -DENERGIA=13 -I"C:/school 2016/energia-0101E0017/hardware/msp430/cores/msp430" -I"C:/school 2016/energia-0101E0017/hardware/msp430/variants/launchpad_f5529" -I"C:/school 2016/energia-0101E0017/hardware/tools/msp430/msp430/include" -Os -ffunction-sections -fdata-sections -g -gdwarf-3 -gstrict-dwarf -Wall -MMD -MP -MF"random.d" -MT"random.d" -o"random.o"  "C:/school 2016/energia-0101E0017/hardware/msp430/cores/msp430/random.c"
'Finished building: C:/school 2016/energia-0101E0017/hardware/msp430/cores/msp430/random.c'
' '
'Building file: C:/school 2016/energia-0101E0017/hardware/msp430/cores/msp430/twi.c'
'Invoking: GNU Compiler'
"C:/school 2016/energia-0101E0017/hardware/tools/msp430/bin/msp430-gcc.exe" -c -mmcu=msp430f5529 -DF_CPU=25000000L -DARDUINO=101 -DENERGIA=13 -I"C:/school 2016/energia-0101E0017/hardware/msp430/cores/msp430" -I"C:/school 2016/energia-0101E0017/hardware/msp430/variants/launchpad_f5529" -I"C:/school 2016/energia-0101E0017/hardware/tools/msp430/msp430/include" -Os -ffunction-sections -fdata-sections -g -gdwarf-3 -gstrict-dwarf -Wall -MMD -MP -MF"twi.d" -MT"twi.d" -o"twi.o"  "C:/school 2016/energia-0101E0017/hardware/msp430/cores/msp430/twi.c"
'Finished building: C:/school 2016/energia-0101E0017/hardware/msp430/cores/msp430/twi.c'
' '
'Building file: C:/school 2016/energia-0101E0017/hardware/msp430/cores/msp430/twi_sw.c'
'Invoking: GNU Compiler'
"C:/school 2016/energia-0101E0017/hardware/tools/msp430/bin/msp430-gcc.exe" -c -mmcu=msp430f5529 -DF_CPU=25000000L -DARDUINO=101 -DENERGIA=13 -I"C:/school 2016/energia-0101E0017/hardware/msp430/cores/msp430" -I"C:/school 2016/energia-0101E0017/hardware/msp430/variants/launchpad_f5529" -I"C:/school 2016/energia-0101E0017/hardware/tools/msp430/msp430/include" -Os -ffunction-sections -fdata-sections -g -gdwarf-3 -gstrict-dwarf -Wall -MMD -MP -MF"twi_sw.d" -MT"twi_sw.d" -o"twi_sw.o"  "C:/school 2016/energia-0101E0017/hardware/msp430/cores/msp430/twi_sw.c"
'Finished building: C:/school 2016/energia-0101E0017/hardware/msp430/cores/msp430/twi_sw.c'
' '
'Building file: C:/school 2016/energia-0101E0017/hardware/msp430/cores/msp430/usci_isr_handler.c'
'Invoking: GNU Compiler'
"C:/school 2016/energia-0101E0017/hardware/tools/msp430/bin/msp430-gcc.exe" -c -mmcu=msp430f5529 -DF_CPU=25000000L -DARDUINO=101 -DENERGIA=13 -I"C:/school 2016/energia-0101E0017/hardware/msp430/cores/msp430" -I"C:/school 2016/energia-0101E0017/hardware/msp430/variants/launchpad_f5529" -I"C:/school 2016/energia-0101E0017/hardware/tools/msp430/msp430/include" -Os -ffunction-sections -fdata-sections -g -gdwarf-3 -gstrict-dwarf -Wall -MMD -MP -MF"usci_isr_handler.d" -MT"usci_isr_handler.d" -o"usci_isr_handler.o"  "C:/school 2016/energia-0101E0017/hardware/msp430/cores/msp430/usci_isr_handler.c"
'Finished building: C:/school 2016/energia-0101E0017/hardware/msp430/cores/msp430/usci_isr_handler.c'
' '
'Building file: C:/school 2016/energia-0101E0017/hardware/msp430/cores/msp430/wiring.c'
'Invoking: GNU Compiler'
"C:/school 2016/energia-0101E0017/hardware/tools/msp430/bin/msp430-gcc.exe" -c -mmcu=msp430f5529 -DF_CPU=25000000L -DARDUINO=101 -DENERGIA=13 -I"C:/school 2016/energia-0101E0017/hardware/msp430/cores/msp430" -I"C:/school 2016/energia-0101E0017/hardware/msp430/variants/launchpad_f5529" -I"C:/school 2016/energia-0101E0017/hardware/tools/msp430/msp430/include" -Os -ffunction-sections -fdata-sections -g -gdwarf-3 -gstrict-dwarf -Wall -MMD -MP -MF"wiring.d" -MT"wiring.d" -o"wiring.o"  "C:/school 2016/energia-0101E0017/hardware/msp430/cores/msp430/wiring.c"
'Finished building: C:/school 2016/energia-0101E0017/hardware/msp430/cores/msp430/wiring.c'
' '
'Building file: C:/school 2016/energia-0101E0017/hardware/msp430/cores/msp430/wiring_analog.c'
'Invoking: GNU Compiler'
"C:/school 2016/energia-0101E0017/hardware/tools/msp430/bin/msp430-gcc.exe" -c -mmcu=msp430f5529 -DF_CPU=25000000L -DARDUINO=101 -DENERGIA=13 -I"C:/school 2016/energia-0101E0017/hardware/msp430/cores/msp430" -I"C:/school 2016/energia-0101E0017/hardware/msp430/variants/launchpad_f5529" -I"C:/school 2016/energia-0101E0017/hardware/tools/msp430/msp430/include" -Os -ffunction-sections -fdata-sections -g -gdwarf-3 -gstrict-dwarf -Wall -MMD -MP -MF"wiring_analog.d" -MT"wiring_analog.d" -o"wiring_analog.o"  "C:/school 2016/energia-0101E0017/hardware/msp430/cores/msp430/wiring_analog.c"
C:/school 2016/energia-0101E0017/hardware/msp430/cores/msp430/wiring_analog.c:55:0: warning: "DEFAULT_READ_RESOLUTION" redefined [enabled by default]
C:/school 2016/energia-0101E0017/hardware/msp430/cores/msp430/wiring_analog.c:35:0: note: this is the location of the previous definition
'Finished building: C:/school 2016/energia-0101E0017/hardware/msp430/cores/msp430/wiring_analog.c'
' '
'Building file: C:/school 2016/energia-0101E0017/hardware/msp430/cores/msp430/wiring_digital.c'
'Invoking: GNU Compiler'
"C:/school 2016/energia-0101E0017/hardware/tools/msp430/bin/msp430-gcc.exe" -c -mmcu=msp430f5529 -DF_CPU=25000000L -DARDUINO=101 -DENERGIA=13 -I"C:/school 2016/energia-0101E0017/hardware/msp430/cores/msp430" -I"C:/school 2016/energia-0101E0017/hardware/msp430/variants/launchpad_f5529" -I"C:/school 2016/energia-0101E0017/hardware/tools/msp430/msp430/include" -Os -ffunction-sections -fdata-sections -g -gdwarf-3 -gstrict-dwarf -Wall -MMD -MP -MF"wiring_digital.d" -MT"wiring_digital.d" -o"wiring_digital.o"  "C:/school 2016/energia-0101E0017/hardware/msp430/cores/msp430/wiring_digital.c"
'Finished building: C:/school 2016/energia-0101E0017/hardware/msp430/cores/msp430/wiring_digital.c'
' '
'Building file: C:/school 2016/energia-0101E0017/hardware/msp430/cores/msp430/wiring_pulse.c'
'Invoking: GNU Compiler'
"C:/school 2016/energia-0101E0017/hardware/tools/msp430/bin/msp430-gcc.exe" -c -mmcu=msp430f5529 -DF_CPU=25000000L -DARDUINO=101 -DENERGIA=13 -I"C:/school 2016/energia-0101E0017/hardware/msp430/cores/msp430" -I"C:/school 2016/energia-0101E0017/hardware/msp430/variants/launchpad_f5529" -I"C:/school 2016/energia-0101E0017/hardware/tools/msp430/msp430/include" -Os -ffunction-sections -fdata-sections -g -gdwarf-3 -gstrict-dwarf -Wall -MMD -MP -MF"wiring_pulse.d" -MT"wiring_pulse.d" -o"wiring_pulse.o"  "C:/school 2016/energia-0101E0017/hardware/msp430/cores/msp430/wiring_pulse.c"
'Finished building: C:/school 2016/energia-0101E0017/hardware/msp430/cores/msp430/wiring_pulse.c'
' '
'Building file: C:/school 2016/energia-0101E0017/hardware/msp430/cores/msp430/wiring_shift.c'
'Invoking: GNU Compiler'
"C:/school 2016/energia-0101E0017/hardware/tools/msp430/bin/msp430-gcc.exe" -c -mmcu=msp430f5529 -DF_CPU=25000000L -DARDUINO=101 -DENERGIA=13 -I"C:/school 2016/energia-0101E0017/hardware/msp430/cores/msp430" -I"C:/school 2016/energia-0101E0017/hardware/msp430/variants/launchpad_f5529" -I"C:/school 2016/energia-0101E0017/hardware/tools/msp430/msp430/include" -Os -ffunction-sections -fdata-sections -g -gdwarf-3 -gstrict-dwarf -Wall -MMD -MP -MF"wiring_shift.d" -MT"wiring_shift.d" -o"wiring_shift.o"  "C:/school 2016/energia-0101E0017/hardware/msp430/cores/msp430/wiring_shift.c"
'Finished building: C:/school 2016/energia-0101E0017/hardware/msp430/cores/msp430/wiring_shift.c'
' '
'Building target: liblpmsp430f5529_25_core.a'
'Invoking: GNU Librarian'
"C:/school 2016/energia-0101E0017/hardware/tools/msp430/bin/msp430-ar.exe" -r "liblpmsp430f5529_25_core.a" "./atof.o" "./dtostrf.o" "./itoa.o" "./random.o" "./twi.o" "./twi_sw.o" "./usci_isr_handler.o" "./WInterrupts.o" "./wiring.o" "./wiring_analog.o" "./wiring_digital.o" "./wiring_pulse.o" "./wiring_shift.o" "./HardwareSerial.o" "./IPAddress.o" "./MACAddress.o" "./main.o" "./new.o" "./Print.o" "./Stream.o" "./TimerSerial.o" "./Tone.o" "./Wire.o" "./WMath.o" "./WString.o"  
C:/school 2016/energia-0101E0017/hardware/tools/msp430/bin/msp430-ar.exe: creating liblpmsp430f5529_25_core.a
'Finished building target: liblpmsp430f5529_25_core.a'
' '

**** Build Finished ****
